2021-12-14 21:12:909 INFO  ManageDriver :29 - Launching chrome driver
2021-12-14 23:12:395 INFO  ManageDriver :29 - Launching chrome driver
2021-12-14 23:12:487 INFO  ManageDriver :29 - Launching chrome driver
2021-12-14 23:12:464 INFO  ManageDriver :29 - Launching chrome driver
2021-12-14 23:12:68 INFO  ManageDriver :29 - Launching chrome driver
2021-12-14 23:12:85 INFO  ManageDriver :29 - Launching chrome driver
2021-12-14 23:12:625 INFO  ManageDriver :29 - Launching chrome driver
2021-12-14 23:12:987 INFO  ManageDriver :29 - Launching chrome driver
2021-12-15 00:12:469 INFO  ManageDriver :29 - Launching chrome driver
2021-12-15 00:12:517 INFO  ManageDriver :29 - Launching chrome driver
2021-12-15 00:12:458 INFO  ManageDriver :29 - Launching chrome driver
2021-12-15 00:12:907 INFO  ManageDriver :29 - Launching chrome driver
2021-12-15 00:12:994 INFO  ManageDriver :29 - Launching chrome driver
2021-12-15 00:12:77 INFO  ManageDriver :29 - Launching chrome driver
2021-12-15 00:12:78 INFO  ManageDriver :29 - Launching chrome driver
2021-12-15 00:12:136 INFO  ManageDriver :29 - Launching chrome driver
2021-12-15 00:12:906 INFO  ManageDriver :29 - Launching chrome driver
2021-12-15 00:12:71 INFO  ManageDriver :29 - Launching chrome driver
2021-12-15 00:12:660 INFO  ManageDriver :29 - Launching chrome driver
2021-12-15 00:12:848 INFO  ManageDriver :29 - Launching chrome driver
2021-12-15 00:12:553 INFO  ManageDriver :29 - Launching chrome driver
2021-12-15 00:12:929 INFO  ManageDriver :29 - Launching chrome driver
2021-12-15 01:12:22 INFO  ManageDriver :29 - Launching chrome driver
2021-12-15 01:12:494 INFO  ManageDriver :29 - Launching chrome driver
2021-12-15 01:12:778 INFO  ManageDriver :29 - Launching chrome driver
2021-12-15 01:12:500 INFO  ManageDriver :29 - Launching chrome driver
2021-12-15 01:12:56 INFO  ManageDriver :29 - Launching chrome driver
2021-12-15 01:12:671 INFO  ManageDriver :29 - Launching chrome driver
2021-12-15 01:12:814 INFO  ManageDriver :29 - Launching chrome driver
2021-12-15 01:12:774 INFO  ManageDriver :29 - Launching chrome driver
2021-12-15 01:12:379 INFO  ManageDriver :29 - Launching chrome driver
2021-12-15 01:12:132 INFO  ManageDriver :29 - Launching chrome driver
2021-12-15 01:12:228 INFO  ManageDriver :29 - Launching chrome driver
2021-12-15 01:12:925 INFO  ManageDriver :29 - Launching chrome driver
2021-12-15 01:12:01 INFO  ManageDriver :29 - Launching chrome driver
2021-12-15 01:12:645 INFO  ManageDriver :29 - Launching chrome driver
2021-12-15 01:12:104 INFO  ManageDriver :29 - Launching chrome driver
2021-12-15 01:12:933 INFO  ManageDriver :29 - Launching chrome driver
2021-12-15 01:12:347 INFO  ManageDriver :29 - Launching chrome driver
2021-12-15 01:12:488 INFO  ManageDriver :29 - Launching chrome driver
2021-12-15 01:12:705 INFO  ManageDriver :29 - Launching chrome driver
2021-12-15 01:12:485 INFO  ManageDriver :29 - Launching chrome driver
2021-12-15 01:12:151 INFO  ManageDriver :29 - Launching chrome driver
2021-12-15 01:12:995 INFO  ManageDriver :29 - Launching chrome driver
2021-12-15 01:12:176 INFO  ManageDriver :29 - Launching chrome driver
2021-12-15 01:12:838 INFO  ManageDriver :29 - Launching chrome driver
2021-12-15 01:12:682 INFO  ManageDriver :29 - Launching chrome driver
2021-12-15 01:12:229 INFO  ManageDriver :29 - Launching chrome driver
2021-12-15 01:12:144 INFO  ManageDriver :29 - Launching chrome driver
2021-12-15 10:12:103 INFO  ManageDriver :29 - Launching chrome driver
2021-12-15 10:12:494 INFO  ManageDriver :29 - Launching chrome driver
2021-12-15 10:12:800 INFO  ManageDriver :29 - Launching chrome driver
2021-12-15 10:12:852 INFO  ManageDriver :29 - Launching chrome driver
2021-12-15 11:12:943 INFO  ManageDriver :29 - Launching chrome driver
2021-12-15 11:12:446 INFO  ManageDriver :29 - Launching chrome driver
2021-12-15 11:12:916 INFO  ManageDriver :29 - Launching chrome driver
2021-12-15 12:12:135 INFO  ManageDriver :29 - Launching chrome driver
2021-12-15 12:12:885 INFO  ManageDriver :29 - Launching chrome driver
2021-12-15 12:12:145 INFO  ManageDriver :29 - Launching chrome driver
2021-12-15 12:12:327 INFO  ManageDriver :29 - Launching chrome driver
2021-12-15 12:12:433 INFO  ManageDriver :29 - Launching chrome driver
2021-12-15 12:12:243 INFO  ManageDriver :29 - Launching chrome driver
2021-12-15 12:12:603 INFO  ManageDriver :29 - Launching chrome driver
2021-12-15 12:12:838 INFO  ManageDriver :29 - Launching chrome driver
2021-12-15 12:12:397 INFO  ManageDriver :29 - Launching chrome driver
2021-12-15 12:12:531 INFO  ManageDriver :29 - Launching chrome driver
2021-12-15 17:12:665 INFO  ManageDriver :29 - Launching chrome driver
2021-12-15 17:12:841 INFO  ManageDriver :29 - Launching chrome driver
2021-12-15 17:12:727 INFO  ManageDriver :29 - Launching chrome driver
2021-12-15 17:12:227 INFO  ManageDriver :29 - Launching chrome driver
2021-12-15 17:12:415 INFO  ManageDriver :29 - Launching chrome driver
2021-12-15 17:12:663 INFO  ManageDriver :29 - Launching chrome driver
2021-12-15 17:12:669 INFO  ManageDriver :29 - Launching chrome driver
2021-12-15 18:12:102 INFO  ManageDriver :29 - Launching chrome driver
2021-12-15 18:12:99 INFO  ManageDriver :29 - Launching chrome driver
2021-12-15 18:12:236 INFO  ManageDriver :29 - Launching chrome driver
2021-12-15 18:12:159 INFO  HomePage :34 - Click on Bank Manager Login<br>
2021-12-15 18:12:120 INFO  AddCustomerPage :33 - Enter name <br>
2021-12-15 18:12:216 INFO  AddCustomerPage :37 - Enter last name <br>
2021-12-15 18:12:319 INFO  AddCustomerPage :41 - Enter  <br>
2021-12-15 18:12:219 INFO  ManageDriver :29 - Launching chrome driver
2021-12-15 18:12:816 INFO  HomePage :34 - Click on Bank Manager Login<br>
2021-12-15 18:12:750 INFO  AddCustomerPage :33 - Enter name <br>
2021-12-15 18:12:857 INFO  AddCustomerPage :37 - Enter last name <br>
2021-12-15 18:12:966 INFO  AddCustomerPage :41 - Enter  <br>
2021-12-15 18:12:09 INFO  AddCustomerPage :45 - Click on Add Customer<br>
2021-12-15 18:12:220 INFO  HomePage :29 - Click on Home<br>
2021-12-15 18:12:29 INFO  ManageDriver :29 - Launching chrome driver
2021-12-15 18:12:800 INFO  HomePage :33 - Click on Bank Manager Login<br>
2021-12-15 18:12:873 INFO  AddCustomerPage :33 - Enter name <br>
2021-12-15 18:12:976 INFO  AddCustomerPage :37 - Enter last name <br>
2021-12-15 18:12:68 INFO  AddCustomerPage :41 - Enter  <br>
2021-12-15 18:12:117 INFO  AddCustomerPage :45 - Click on Add Customer<br>
2021-12-15 18:12:293 INFO  HomePage :29 - Click on Home<br>
2021-12-15 18:12:339 INFO  HomePage :33 - Click on Bank Manager Login<br>
2021-12-15 18:12:485 INFO  AccountPage :33 - Click on Open Account<br>
2021-12-15 18:12:801 INFO  AccountPage :38 - Select customer          ---Customer Name---
 
         Hermoine Granger
Harry Potter
Ron Weasly
Albus Dumbledore
Neville Longbottom
james ore
      <br>
2021-12-15 18:12:923 INFO  AccountPage :44 - Select           ---Currency---
 
         Dollar
         Pound
 
         Rupee
      <br>
2021-12-15 18:12:701 INFO  ManageDriver :29 - Launching chrome driver
2021-12-15 18:12:330 INFO  HomePage :33 - Click on Bank Manager Login<br>
2021-12-15 18:12:281 INFO  AddCustomerPage :33 - Enter name <br>
2021-12-15 18:12:377 INFO  AddCustomerPage :37 - Enter last name <br>
2021-12-15 18:12:478 INFO  AddCustomerPage :41 - Enter  <br>
2021-12-15 18:12:513 INFO  AddCustomerPage :45 - Click on Add Customer<br>
2021-12-15 18:12:693 INFO  HomePage :29 - Click on Home<br>
2021-12-15 18:12:740 INFO  HomePage :33 - Click on Bank Manager Login<br>
2021-12-15 18:12:875 INFO  AccountPage :33 - Click on Open Account<br>
2021-12-15 18:12:144 INFO  AccountPage :38 - Select customer          ---Customer Name---
 
         Hermoine Granger
Harry Potter
Ron Weasly
Albus Dumbledore
Neville Longbottom
james ore
      <br>
2021-12-15 18:12:266 INFO  AccountPage :44 - Select           ---Currency---
 
         Dollar
         Pound
 
         Rupee
      <br>
2021-12-15 18:12:301 INFO  AccountPage :47 - Click on Process<br>
2021-12-15 18:12:458 INFO  HomePage :29 - Click on Home<br>
2021-12-15 18:12:534 INFO  HomePage :40 - Click on Customer Login<br>
2021-12-15 18:12:909 INFO  AccountPage :38 - Select customer        ---Your Name---
 
       Hermoine Granger
Harry Potter
Ron Weasly
Albus Dumbledore
Neville Longbottom
james ore
     <br>
2021-12-15 18:12:993 INFO  CustomerLoginPage :37 - Click on Login<br>
2021-12-15 18:12:432 INFO  HomePage :29 - Click on Home<br>
2021-12-15 18:12:365 INFO  ManageDriver :29 - Launching chrome driver
2021-12-15 18:12:816 INFO  HomePage :33 - Click on Bank Manager Login<br>
2021-12-15 18:12:472 INFO  AddCustomerPage :33 - Enter name <br>
2021-12-15 18:12:576 INFO  AddCustomerPage :37 - Enter last name <br>
2021-12-15 18:12:679 INFO  AddCustomerPage :41 - Enter  <br>
2021-12-15 18:12:720 INFO  AddCustomerPage :45 - Click on Add Customer<br>
2021-12-15 18:12:899 INFO  HomePage :29 - Click on Home<br>
2021-12-15 18:12:923 INFO  HomePage :33 - Click on Bank Manager Login<br>
2021-12-15 18:12:73 INFO  AccountPage :33 - Click on Open Account<br>
2021-12-15 18:12:458 INFO  AccountPage :38 - Select customer          ---Customer Name---
 
         Hermoine Granger
Harry Potter
Ron Weasly
Albus Dumbledore
Neville Longbottom
james ore
      <br>
2021-12-15 18:12:581 INFO  AccountPage :44 - Select           ---Currency---
 
         Dollar
         Pound
 
         Rupee
      <br>
2021-12-15 18:12:619 INFO  AccountPage :47 - Click on Process<br>
2021-12-15 18:12:780 INFO  HomePage :29 - Click on Home<br>
2021-12-15 18:12:813 INFO  HomePage :39 - Click on Customer Login<br>
2021-12-15 18:12:207 INFO  AccountPage :38 - Select customer        ---Your Name---
 
       Hermoine Granger
Harry Potter
Ron Weasly
Albus Dumbledore
Neville Longbottom
james ore
     <br>
2021-12-15 18:12:287 INFO  CustomerLoginPage :37 - Click on Login<br>
2021-12-15 18:12:685 INFO  HomePage :29 - Click on Home<br>
2021-12-15 18:12:725 INFO  HomePage :39 - Click on Customer Login<br>
2021-12-15 18:12:899 INFO  AccountPage :38 - Select customer        ---Your Name---
 
       Hermoine Granger
Harry Potter
Ron Weasly
Albus Dumbledore
Neville Longbottom
james ore
     <br>
2021-12-15 18:12:630 INFO  ManageDriver :29 - Launching chrome driver
2021-12-15 18:12:96 INFO  HomePage :33 - Click on Bank Manager Login<br>
2021-12-15 18:12:709 INFO  AddCustomerPage :33 - Enter name <br>
2021-12-15 18:12:810 INFO  AddCustomerPage :37 - Enter last name <br>
2021-12-15 18:12:904 INFO  AddCustomerPage :41 - Enter  <br>
2021-12-15 18:12:945 INFO  AddCustomerPage :45 - Click on Add Customer<br>
2021-12-15 18:12:127 INFO  HomePage :29 - Click on Home<br>
2021-12-15 18:12:174 INFO  HomePage :33 - Click on Bank Manager Login<br>
2021-12-15 18:12:324 INFO  AccountPage :33 - Click on Open Account<br>
2021-12-15 18:12:657 INFO  AccountPage :38 - Select customer          ---Customer Name---
 
         Hermoine Granger
Harry Potter
Ron Weasly
Albus Dumbledore
Neville Longbottom
james ore
      <br>
2021-12-15 18:12:786 INFO  AccountPage :44 - Select           ---Currency---
 
         Dollar
         Pound
 
         Rupee
      <br>
2021-12-15 18:12:827 INFO  AccountPage :47 - Click on Process<br>
2021-12-15 18:12:982 INFO  HomePage :29 - Click on Home<br>
2021-12-15 18:12:15 INFO  HomePage :39 - Click on Customer Login<br>
2021-12-15 18:12:373 INFO  AccountPage :38 - Select customer        ---Your Name---
 
       Hermoine Granger
Harry Potter
Ron Weasly
Albus Dumbledore
Neville Longbottom
james ore
     <br>
2021-12-15 18:12:414 INFO  CustomerLoginPage :36 - Click on Login<br>
2021-12-15 18:12:891 INFO  HomePage :29 - Click on Home<br>
2021-12-15 18:12:922 INFO  HomePage :39 - Click on Customer Login<br>
2021-12-15 18:12:83 INFO  AccountPage :38 - Select customer        ---Your Name---
 
       Hermoine Granger
Harry Potter
Ron Weasly
Albus Dumbledore
Neville Longbottom
james ore
     <br>
2021-12-15 18:12:114 INFO  CustomerLoginPage :36 - Click on Login<br>
2021-12-15 18:12:263 INFO  CustomerPage :44 - Click on Deposit<br>
2021-12-15 18:12:22 INFO  CustomerPage :49 - Enter amount <br>
2021-12-15 18:12:106 INFO  CustomerPage :54 - click on Deposit<br>
2021-12-15 18:12:163 INFO  CustomerPage :58 - Message is  Deposit Successful<br>
2021-12-15 18:12:272 INFO  HomePage :29 - Click on Home<br>
2021-12-15 18:12:307 INFO  HomePage :39 - Click on Customer Login<br>
2021-12-15 18:12:469 INFO  AccountPage :38 - Select customer        ---Your Name---
 
       Hermoine Granger
Harry Potter
Ron Weasly
Albus Dumbledore
Neville Longbottom
james ore
     <br>
2021-12-15 18:12:502 INFO  CustomerLoginPage :36 - Click on Login<br>
2021-12-15 18:12:639 INFO  CustomerPage :63 - Click on Withdrawl<br>
2021-12-15 18:12:922 INFO  CustomerPage :67 - Enter amount <br>
2021-12-15 18:12:05 INFO  CustomerPage :71 - Click on Withdraw<br>
2021-12-15 18:12:45 INFO  CustomerPage :75 - Message is Transaction successful<br>
2021-12-15 18:12:13 INFO  ManageDriver :29 - Launching chrome driver
2021-12-15 18:12:662 INFO  HomePage :33 - Click on Bank Manager Login<br>
2021-12-15 18:12:691 INFO  AddCustomerPage :33 - Enter name <br>
2021-12-15 18:12:793 INFO  AddCustomerPage :37 - Enter last name <br>
2021-12-15 18:12:886 INFO  AddCustomerPage :41 - Enter  <br>
2021-12-15 18:12:927 INFO  AddCustomerPage :45 - Click on Add Customer<br>
2021-12-15 18:12:108 INFO  HomePage :29 - Click on Home<br>
2021-12-15 18:12:137 INFO  HomePage :33 - Click on Bank Manager Login<br>
2021-12-15 18:12:288 INFO  AccountPage :33 - Click on Open Account<br>
2021-12-15 18:12:618 INFO  AccountPage :38 - Select customer          ---Customer Name---
 
         Hermoine Granger
Harry Potter
Ron Weasly
Albus Dumbledore
Neville Longbottom
james ore
      <br>
2021-12-15 18:12:746 INFO  AccountPage :44 - Select           ---Currency---
 
         Dollar
         Pound
 
         Rupee
      <br>
2021-12-15 18:12:784 INFO  AccountPage :47 - Click on Process<br>
2021-12-15 18:12:953 INFO  HomePage :29 - Click on Home<br>
2021-12-15 18:12:982 INFO  HomePage :39 - Click on Customer Login<br>
2021-12-15 18:12:410 INFO  AccountPage :38 - Select customer        ---Your Name---
 
       Hermoine Granger
Harry Potter
Ron Weasly
Albus Dumbledore
Neville Longbottom
james ore
     <br>
2021-12-15 18:12:450 INFO  CustomerLoginPage :36 - Click on Login<br>
2021-12-15 18:12:872 INFO  HomePage :29 - Click on Home<br>
2021-12-15 18:12:904 INFO  HomePage :39 - Click on Customer Login<br>
2021-12-15 18:12:74 INFO  AccountPage :38 - Select customer        ---Your Name---
 
       Hermoine Granger
Harry Potter
Ron Weasly
Albus Dumbledore
Neville Longbottom
james ore
     <br>
2021-12-15 18:12:116 INFO  CustomerLoginPage :36 - Click on Login<br>
2021-12-15 18:12:250 INFO  CustomerPage :44 - Click on Deposit<br>
2021-12-15 18:12:987 INFO  CustomerPage :49 - Enter amount <br>
2021-12-15 18:12:83 INFO  CustomerPage :54 - click on Deposit<br>
2021-12-15 18:12:139 INFO  CustomerPage :58 - Message is  Deposit Successful<br>
2021-12-15 18:12:234 INFO  HomePage :29 - Click on Home<br>
2021-12-15 18:12:267 INFO  HomePage :39 - Click on Customer Login<br>
2021-12-15 18:12:417 INFO  AccountPage :38 - Select customer        ---Your Name---
 
       Hermoine Granger
Harry Potter
Ron Weasly
Albus Dumbledore
Neville Longbottom
james ore
     <br>
2021-12-15 18:12:449 INFO  CustomerLoginPage :36 - Click on Login<br>
2021-12-15 18:12:590 INFO  CustomerPage :63 - Click on Withdrawl<br>
2021-12-15 18:12:960 INFO  CustomerPage :67 - Enter amount <br>
2021-12-15 18:12:47 INFO  CustomerPage :71 - Click on Withdraw<br>
2021-12-15 18:12:95 INFO  CustomerPage :75 - Message is Transaction successful<br>
